<?xml version="1.0" encoding="UTF-8"?>
<testsuite name="TestForCompiler" tests="1" skipped="0" failures="0" errors="0" timestamp="2020-07-26T07:46:53" hostname="DESKTOP-SDGK59R" time="0.044">
  <properties/>
  <testcase name="testFroHelloWorld" classname="TestForCompiler" time="0.044"/>
  <system-out><![CDATA[root
â”œâ”€â”€ +
â”œâ”€â”€ +
â”œâ”€â”€ +
â”œâ”€â”€ +
â”œâ”€â”€ +
â”œâ”€â”€ +
â”œâ”€â”€ +
â”œâ”€â”€ +
â”œâ”€â”€ +
â”œâ”€â”€ +
â”œâ”€â”€ [
â”‚   â”œâ”€â”€ >
â”‚   â”œâ”€â”€ +
â”‚   â”œâ”€â”€ +
â”‚   â”œâ”€â”€ +
â”‚   â”œâ”€â”€ +
â”‚   â”œâ”€â”€ +
â”‚   â”œâ”€â”€ +
â”‚   â”œâ”€â”€ +
â”‚   â”œâ”€â”€ >
â”‚   â”œâ”€â”€ +
â”‚   â”œâ”€â”€ +
â”‚   â”œâ”€â”€ +
â”‚   â”œâ”€â”€ +
â”‚   â”œâ”€â”€ +
â”‚   â”œâ”€â”€ +
â”‚   â”œâ”€â”€ +
â”‚   â”œâ”€â”€ +
â”‚   â”œâ”€â”€ +
â”‚   â”œâ”€â”€ +
â”‚   â”œâ”€â”€ >
â”‚   â”œâ”€â”€ +
â”‚   â”œâ”€â”€ +
â”‚   â”œâ”€â”€ +
â”‚   â”œâ”€â”€ >
â”‚   â”œâ”€â”€ +
â”‚   â”œâ”€â”€ <
â”‚   â”œâ”€â”€ <
â”‚   â”œâ”€â”€ <
â”‚   â”œâ”€â”€ <
â”‚   â”œâ”€â”€ -
â”‚   â””â”€â”€ ]
â”œâ”€â”€ >
â”œâ”€â”€ +
â”œâ”€â”€ +
â”œâ”€â”€ .
â”œâ”€â”€ >
â”œâ”€â”€ +
â”œâ”€â”€ .
â”œâ”€â”€ +
â”œâ”€â”€ +
â”œâ”€â”€ +
â”œâ”€â”€ +
â”œâ”€â”€ +
â”œâ”€â”€ +
â”œâ”€â”€ +
â”œâ”€â”€ .
â”œâ”€â”€ .
â”œâ”€â”€ +
â”œâ”€â”€ +
â”œâ”€â”€ +
â”œâ”€â”€ .
â”œâ”€â”€ >
â”œâ”€â”€ +
â”œâ”€â”€ +
â”œâ”€â”€ .
â”œâ”€â”€ <
â”œâ”€â”€ <
â”œâ”€â”€ +
â”œâ”€â”€ +
â”œâ”€â”€ +
â”œâ”€â”€ +
â”œâ”€â”€ +
â”œâ”€â”€ +
â”œâ”€â”€ +
â”œâ”€â”€ +
â”œâ”€â”€ +
â”œâ”€â”€ +
â”œâ”€â”€ +
â”œâ”€â”€ +
â”œâ”€â”€ +
â”œâ”€â”€ +
â”œâ”€â”€ +
â”œâ”€â”€ .
â”œâ”€â”€ >
â”œâ”€â”€ .
â”œâ”€â”€ +
â”œâ”€â”€ +
â”œâ”€â”€ +
â”œâ”€â”€ .
â”œâ”€â”€ -
â”œâ”€â”€ -
â”œâ”€â”€ -
â”œâ”€â”€ -
â”œâ”€â”€ -
â”œâ”€â”€ -
â”œâ”€â”€ .
â”œâ”€â”€ -
â”œâ”€â”€ -
â”œâ”€â”€ -
â”œâ”€â”€ -
â”œâ”€â”€ -
â”œâ”€â”€ -
â”œâ”€â”€ -
â”œâ”€â”€ -
â”œâ”€â”€ .
â”œâ”€â”€ >
â”œâ”€â”€ +
â”œâ”€â”€ .
â”œâ”€â”€ >
â””â”€â”€ .
]]></system-out>
  <system-err><![CDATA[]]></system-err>
</testsuite>
