<?xml version="1.0" encoding="UTF-8"?>
<testsuite name="TestForCompiler" tests="1" skipped="0" failures="0" errors="0" timestamp="2020-08-13T06:22:35" hostname="DESKTOP-SDGK59R" time="0.025">
  <properties/>
  <testcase name="testForHelloWorldWithLoops" classname="TestForCompiler" time="0.025"/>
  <system-out><![CDATA[]]></system-out>
  <system-err><![CDATA[]]></system-err>
</testsuite>
